<?xml version="1.0" encoding="UTF-8"?>
<!-- Generated by org.testng.reporters.JUnitReportReporter -->
<testsuite hostname="LAPTOP-GUFEFGHA" failures="0" tests="3" name="TestRunner.phpTravels" time="120.735" errors="0" timestamp="3 Jun 2022 04:10:51 GMT">
  <testcase classname="TestRunner.phpTravels" name="loginTest" time="17.561"/>
  <testcase classname="TestRunner.phpTravels" name="signUpTest" time="68.062"/>
  <testcase classname="TestRunner.phpTravels" name="pricingBtnDemo" time="35.112"/>
</testsuite>
